Rebuild target 'temptrans'
compiling main.c...
compiling KalmanFilter.c...
compiling fifoqueue.c...
compiling modbus.c...
compiling crc.c...
assembling isr.asm...
compiling GPIO.c...
compiling UART.c...
compiling SPI.c...
compiling timer.c...
compiling ADC.c...
compiling EEPROM.c...
compiling INT.c...
compiling WDT.c...
compiling AD7124_8.c...
compiling DAC7611.c...
compiling delay.c...
compiling myMath.c...
linking...
*** WARNING L16: UNCALLED SEGMENT, IGNORED FOR OVERLAY PROCESS
    SEGMENT: ?PR?TIMER4_START?TIMER

*** WARNING L16: UNCALLED SEGMENT, IGNORED FOR OVERLAY PROCESS
    SEGMENT: ?PR?TIMER4_STOP?TIMER

*** WARNING L16: UNCALLED SEGMENT, IGNORED FOR OVERLAY PROCESS
    SEGMENT: ?PR?_ADC_INIT?ADC

*** WARNING L16: UNCALLED SEGMENT, IGNORED FOR OVERLAY PROCESS
    SEGMENT: ?PR?_ADC_GET?ADC

*** WARNING L16: UNCALLED SEGMENT, IGNORED FOR OVERLAY PROCESS
    SEGMENT: ?PR?_IAPWRITE?EEPROM

Program Size: data=11.2 xdata=3658 code=24841
creating hex file from "..\Obj\temptrans"...
"..\Obj\temptrans" - 0 Error(s), 5 Warning(s).
Build Time Elapsed:  00:00:03
