C51 COMPILER V9.54   DELAY                                                                 03/12/2022 18:23:31 PAGE 1   


C51 COMPILER V9.54, COMPILATION OF MODULE DELAY
OBJECT MODULE PLACED IN ..\Obj\delay.obj
COMPILER INVOKED BY: D:\Program Files (x86)\Keil\Keil_V533\C51\BIN\C51.EXE ..\Sys\delay.c LARGE OPTIMIZE(0,SPEED) BROWSE
                    - INCDIR(..\Sys;..\User;..\Hardware\ADC;..\Hardware\EEPROM;..\Hardware\GPIO;..\Hardware\INT;..\Hardware\PCA;..\Hardware\P
                    -IT;..\Hardware\PWM;..\Hardware\UART;..\HARDWARE\TIMER;..\Peripheral\ad7124_noos;..\Peripheral;..\Hardware\SPI;..\HARDWAR
                    -E\WDT) DEBUG OBJECTEXTEND PRINT(.\Listings\delay.lst) TABS(2) OBJECT(..\Obj\delay.obj)

line level    source

   1          #include "delay.h"
   2          
   3          void exact_delay(u8 a, u8 b, u8 c) //延时函数
   4          {
   5   1        do
   6   1        {
   7   2          do
   8   2          {
   9   3            while (--c)
  10   3              ;
  11   3          } while (--b);
  12   2        } while (--a);
  13   1      }
  14          
  15          void delay_X_ms(u16 x) //延时Xms 取值范围1-1000
  16          {
  17   1        u8 A, B, C;
  18   1        u32 T;
  19   1        T = x * 3600.0 * Main_Fosc_KHZ / 11059.2;
  20   1      
  21   1        A = (T / 65536) % 256 + 1;
  22   1        B = (T / 256) % 256 + 1;
  23   1        C = T % 256;
  24   1      
  25   1        exact_delay(A, B, C); //延时Xus 取值范围1-1000
  26   1      }
  27          
  28          void delay_X_us(u16 x)
  29          {
  30   1        // x = x * Main_Fosc_KHZ / 11059.2;
  31   1        while (x--)
  32   1          ;
  33   1      }


MODULE INFORMATION:   STATIC OVERLAYABLE
   CODE SIZE        =    276    ----
   CONSTANT SIZE    =   ----    ----
   XDATA SIZE       =     14    ----
   PDATA SIZE       =   ----    ----
   DATA SIZE        =   ----    ----
   IDATA SIZE       =   ----    ----
   BIT SIZE         =   ----    ----
END OF MODULE INFORMATION.


C51 COMPILATION COMPLETE.  0 WARNING(S),  0 ERROR(S)
